Log file open, 04/30/19 16:22:48
LogWindows: Failed to load 'aqProf.dll' (GetLastError=126)
LogWindows: File 'aqProf.dll' does not exist
LogWindows: Failed to load 'VtuneApi.dll' (GetLastError=126)
LogWindows: File 'VtuneApi.dll' does not exist
LogWindows: Failed to load 'VtuneApi32e.dll' (GetLastError=126)
LogWindows: File 'VtuneApi32e.dll' does not exist
LogConsoleResponse: Display: Failed to find resolution value strings in scalability ini. Falling back to default.
LogInit: Display: Running engine for game: EditSplineAtRuntime
LogPakFile: Registered encryption key '00000000000000000000000000000000': 0 pak files mounted, 0 remain pending
LogPlatformFile: Not using cached read wrapper
LogTaskGraph: Started task graph with 5 named threads and 26 total threads with 3 sets of task threads.
LogStats: Stats thread started at 0.294265
LogD3D11RHI: Loaded GFSDK_Aftermath_Lib.x64.dll
LogICUInternationalization: ICU TimeZone Detection - Raw Offset: +8:00, Platform Override: ''
LogPluginManager: Mounting plugin Paper2D
LogPluginManager: Mounting plugin AISupport
LogPluginManager: Mounting plugin LightPropagationVolume
LogPluginManager: Mounting plugin ActorLayerUtilities
LogPluginManager: Mounting plugin CLionSourceCodeAccess
LogPluginManager: Mounting plugin CodeLiteSourceCodeAccess
LogPluginManager: Mounting plugin GitSourceControl
LogPluginManager: Mounting plugin KDevelopSourceCodeAccess
LogPluginManager: Mounting plugin NullSourceCodeAccess
LogPluginManager: Mounting plugin PerforceSourceControl
LogPluginManager: Mounting plugin SubversionSourceControl
LogPluginManager: Mounting plugin UObjectPlugin
LogPluginManager: Mounting plugin VisualStudioCodeSourceCodeAccess
LogPluginManager: Mounting plugin VisualStudioSourceCodeAccess
LogPluginManager: Mounting plugin XCodeSourceCodeAccess
LogPluginManager: Mounting plugin AssetManagerEditor
LogPluginManager: Mounting plugin CryptoKeys
LogPluginManager: Mounting plugin DataValidation
LogPluginManager: Mounting plugin FacialAnimation
LogPluginManager: Mounting plugin GameplayTagsEditor
LogPluginManager: Mounting plugin MacGraphicsSwitching
LogPluginManager: Mounting plugin MeshEditor
LogPluginManager: Mounting plugin MobileLauncherProfileWizard
LogPluginManager: Mounting plugin PluginBrowser
LogPluginManager: Mounting plugin SpeedTreeImporter
LogPluginManager: Mounting plugin DatasmithContent
LogPluginManager: Mounting plugin VariantManagerContent
LogPluginManager: Mounting plugin AlembicImporter
LogPluginManager: Mounting plugin AppleImageUtils
LogPluginManager: Mounting plugin AppleVision
LogPluginManager: Mounting plugin BackChannel
LogPluginManager: Mounting plugin CharacterAI
LogPluginManager: Mounting plugin GeometryCache
LogPluginManager: Mounting plugin HTML5Networking
LogPluginManager: Mounting plugin ProxyLODPlugin
LogPluginManager: Mounting plugin MagicLeap
LogPluginManager: Mounting plugin MagicLeapMedia
LogPluginManager: Mounting plugin AndroidMedia
LogPluginManager: Mounting plugin AvfMedia
LogPluginManager: Mounting plugin ImgMedia
LogPluginManager: Mounting plugin LinearTimecode
LogPluginManager: Mounting plugin MediaCompositing
LogPluginManager: Mounting plugin MediaPlayerEditor
LogPluginManager: Mounting plugin WebMMedia
LogPluginManager: Mounting plugin WmfMedia
LogPluginManager: Mounting plugin TcpMessaging
LogPluginManager: Mounting plugin UdpMessaging
LogPluginManager: Mounting plugin ActorSequence
LogPluginManager: Mounting plugin LevelSequenceEditor
LogPluginManager: Mounting plugin MatineeToLevelSequence
LogPluginManager: Mounting plugin NetcodeUnitTest
LogPluginManager: Mounting plugin NUTUnrealEngine4
LogPluginManager: Mounting plugin OnlineSubsystemGooglePlay
LogPluginManager: Mounting plugin OnlineSubsystemIOS
LogPluginManager: Mounting plugin OnlineSubsystem
LogPluginManager: Mounting plugin OnlineSubsystemNull
LogPluginManager: Mounting plugin OnlineSubsystemUtils
LogPluginManager: Mounting plugin LauncherChunkInstaller
LogPluginManager: Mounting plugin AndroidDeviceProfileSelector
LogPluginManager: Mounting plugin AndroidMoviePlayer
LogPluginManager: Mounting plugin AndroidPermission
LogPluginManager: Mounting plugin AppleMoviePlayer
LogPluginManager: Mounting plugin ArchVisCharacter
LogPluginManager: Mounting plugin AudioCapture
LogPluginManager: Mounting plugin CableComponent
LogPluginManager: Mounting plugin CustomMeshComponent
LogPluginManager: Mounting plugin EditableMesh
LogPluginManager: Mounting plugin ExampleDeviceProfileSelector
LogPluginManager: Mounting plugin Firebase
LogPluginManager: Mounting plugin GoogleCloudMessaging
LogPluginManager: Mounting plugin IOSDeviceProfileSelector
LogPluginManager: Mounting plugin LinuxDeviceProfileSelector
LogPluginManager: Mounting plugin LocationServicesBPLibrary
LogPluginManager: Mounting plugin MobilePatchingUtils
LogPluginManager: Mounting plugin OculusVR
LogPluginManager: Mounting plugin PhysXVehicles
LogPluginManager: Mounting plugin ProceduralMeshComponent
LogPluginManager: Mounting plugin RuntimePhysXCooking
LogPluginManager: Mounting plugin SteamVR
LogPluginManager: Mounting plugin WebMMoviePlayer
LogPluginManager: Mounting plugin WindowsMoviePlayer
LogStreaming: Display: Took  0.062s to configure plugins.
LogInit: Using libcurl 7.55.1-DEV
LogInit:  - built for x86_64-pc-win32
LogInit:  - supports SSL with OpenSSL/1.0.2h
LogInit:  - supports HTTP deflate (compression) using libz 1.2.8
LogInit:  - other features:
LogInit:      CURL_VERSION_SSL
LogInit:      CURL_VERSION_LIBZ
LogInit:      CURL_VERSION_IPV6
LogInit:      CURL_VERSION_ASYNCHDNS
LogInit:      CURL_VERSION_LARGEFILE
LogInit:      CURL_VERSION_IDN
LogInit:  CurlRequestOptions (configurable via config and command line):
LogInit:  - bVerifyPeer = true  - Libcurl will verify peer certificate
LogInit:  - bUseHttpProxy = true  - Libcurl will use HTTP proxy
LogInit:  - HttpProxyAddress = '127.0.0.1:1080'
LogInit:  - bDontReuseConnections = false  - Libcurl will reuse connections
LogInit:  - MaxHostConnections = 16  - Libcurl will limit the number of connections to a host
LogInit:  - LocalHostAddr = Default
LogInit:  - BufferSize = 65536
LogInit: WinSock: version 1.1 (2.2), MaxSocks=32767, MaxUdp=65467
LogInit: Build: ++UE4+Release-4.21-CL-4753647
LogInit: Engine Version: 4.21.2-4753647+++UE4+Release-4.21
LogInit: Compatible Engine Version: 4.21.0-4541578+++UE4+Release-4.21
LogInit: Net CL: 4541578
LogInit: OS: Windows 10 (), CPU: Intel(R) Core(TM) i7-9700K CPU @ 3.60GHz, GPU: NVIDIA GeForce RTX 2080 Ti
LogInit: Compiled (64-bit): Jan 19 2019 02:07:31
LogInit: Compiled with Visual C++: 19.13.26129.00
LogInit: Build Configuration: Development
LogInit: Branch Name: ++UE4+Release-4.21
LogInit: Command Line: 
LogInit: Base Directory: E:/Epic Games/UE_4.21/Engine/Binaries/Win64/
LogInit: Installed Engine Build: 1
LogDevObjectVersion: Number of dev versions registered: 22
LogDevObjectVersion:   Dev-Blueprints (B0D832E4-1F89-4F0D-ACCF-7EB736FD4AA2): 10
LogDevObjectVersion:   Dev-Build (E1C64328-A22C-4D53-A36C-8E866417BD8C): 0
LogDevObjectVersion:   Dev-Core (375EC13C-06E4-48FB-B500-84F0262A717E): 2
LogDevObjectVersion:   Dev-Editor (E4B068ED-F494-42E9-A231-DA0B2E46BB41): 26
LogDevObjectVersion:   Dev-Framework (CFFC743F-43B0-4480-9391-14DF171D2073): 34
LogDevObjectVersion:   Dev-Mobile (B02B49B5-BB20-44E9-A304-32B752E40360): 2
LogDevObjectVersion:   Dev-Networking (A4E4105C-59A1-49B5-A7C5-40C4547EDFEE): 0
LogDevObjectVersion:   Dev-Online (39C831C9-5AE6-47DC-9A44-9C173E1C8E7C): 0
LogDevObjectVersion:   Dev-Physics (78F01B33-EBEA-4F98-B9B4-84EACCB95AA2): 0
LogDevObjectVersion:   Dev-Platform (6631380F-2D4D-43E0-8009-CF276956A95A): 0
LogDevObjectVersion:   Dev-Rendering (12F88B9F-8875-4AFC-A67C-D90C383ABD29): 27
LogDevObjectVersion:   Dev-Sequencer (7B5AE74C-D270-4C10-A958-57980B212A5A): 9
LogDevObjectVersion:   Dev-VR (D7296918-1DD6-4BDD-9DE2-64A83CC13884): 2
LogDevObjectVersion:   Dev-LoadTimes (C2A15278-BFE7-4AFE-6C17-90FF531DF755): 1
LogDevObjectVersion:   Private-Geometry (6EACA3D4-40EC-4CC1-B786-8BED09428FC5): 3
LogDevObjectVersion:   Dev-AnimPhys (29E575DD-E0A3-4627-9D10-D276232CDCEA): 17
LogDevObjectVersion:   Dev-Anim (AF43A65D-7FD3-4947-9873-3E8ED9C1BB05): 2
LogDevObjectVersion:   Dev-ReflectionCapture (6B266CEC-1EC7-4B8F-A30B-E4D90942FC07): 1
LogDevObjectVersion:   Dev-Automation (0DF73D61-A23F-47EA-B727-89E90C41499A): 1
LogDevObjectVersion:   FortniteMain (601D1886-AC64-4F84-AA16-D3DE0DEAC7D6): 17
LogDevObjectVersion:   Dev-Enterprise (9DFFBCD6-494F-0158-E221-12823C92A888): 4
LogDevObjectVersion:   Dev-Niagara (F2AED0AC-9AFE-416F-8664-AA7FFA26D6FC): 1
LogStreaming: Display: Took  0.001s to delete old logs.
LogInit: Presizing for max 8388607 objects, including 0 objects not considered by GC, pre-allocating 0 bytes for permanent pool.
LogInit: Object subsystem initialized
LogConfig: Setting CVar [[con.DebugEarlyDefault:1]]
LogConfig: Setting CVar [[r.setres:1280x720]]
[2019.04.30-08.22.49:029][  0]LogConfig: Setting CVar [[r.VSync:0]]
[2019.04.30-08.22.49:029][  0]LogConfig: Setting CVar [[r.RHICmdBypass:0]]
[2019.04.30-08.22.49:029][  0]LogConfig: Applying CVar settings from Section [/Script/Engine.RendererSettings] File [D:/UnrealProjects/EditSplineAtRuntime/Saved/Config/Windows/Engine.ini]
[2019.04.30-08.22.49:029][  0]LogConfig: Setting CVar [[r.GPUCrashDebugging:0]]
[2019.04.30-08.22.49:029][  0]LogConfig: Applying CVar settings from Section [/Script/Engine.RendererOverrideSettings] File [D:/UnrealProjects/EditSplineAtRuntime/Saved/Config/Windows/Engine.ini]
[2019.04.30-08.22.49:029][  0]LogConfig: Applying CVar settings from Section [/Script/Engine.StreamingSettings] File [D:/UnrealProjects/EditSplineAtRuntime/Saved/Config/Windows/Engine.ini]
[2019.04.30-08.22.49:029][  0]LogConfig: Setting CVar [[s.MinBulkDataSizeForAsyncLoading:131072]]
[2019.04.30-08.22.49:029][  0]LogConfig: Setting CVar [[s.AsyncLoadingThreadEnabled:0]]
[2019.04.30-08.22.49:029][  0]LogConfig: Setting CVar [[s.EventDrivenLoaderEnabled:1]]
[2019.04.30-08.22.49:029][  0]LogConfig: Setting CVar [[s.WarnIfTimeLimitExceeded:0]]
[2019.04.30-08.22.49:029][  0]LogConfig: Setting CVar [[s.TimeLimitExceededMultiplier:1.5]]
[2019.04.30-08.22.49:029][  0]LogConfig: Setting CVar [[s.TimeLimitExceededMinTime:0.005]]
[2019.04.30-08.22.49:029][  0]LogConfig: Setting CVar [[s.UseBackgroundLevelStreaming:1]]
[2019.04.30-08.22.49:029][  0]LogConfig: Setting CVar [[s.PriorityAsyncLoadingExtraTime:15.0]]
[2019.04.30-08.22.49:029][  0]LogConfig: Setting CVar [[s.LevelStreamingActorsUpdateTimeLimit:5.0]]
[2019.04.30-08.22.49:029][  0]LogConfig: Setting CVar [[s.PriorityLevelStreamingActorsUpdateExtraTime:5.0]]
[2019.04.30-08.22.49:029][  0]LogConfig: Setting CVar [[s.LevelStreamingComponentsRegistrationGranularity:10]]
[2019.04.30-08.22.49:029][  0]LogConfig: Setting CVar [[s.UnregisterComponentsTimeLimit:1.0]]
[2019.04.30-08.22.49:029][  0]LogConfig: Setting CVar [[s.LevelStreamingComponentsUnregistrationGranularity:5]]
[2019.04.30-08.22.49:029][  0]LogConfig: Applying CVar settings from Section [/Script/Engine.GarbageCollectionSettings] File [D:/UnrealProjects/EditSplineAtRuntime/Saved/Config/Windows/Engine.ini]
[2019.04.30-08.22.49:029][  0]LogConfig: Setting CVar [[gc.MaxObjectsNotConsideredByGC:1]]
[2019.04.30-08.22.49:029][  0]LogConfig: Setting CVar [[gc.SizeOfPermanentObjectPool:0]]
[2019.04.30-08.22.49:029][  0]LogConfig: Setting CVar [[gc.FlushStreamingOnGC:0]]
[2019.04.30-08.22.49:029][  0]LogConfig: Setting CVar [[gc.NumRetriesBeforeForcingGC:10]]
[2019.04.30-08.22.49:029][  0]LogConfig: Setting CVar [[gc.AllowParallelGC:1]]
[2019.04.30-08.22.49:029][  0]LogConfig: Setting CVar [[gc.TimeBetweenPurgingPendingKillObjects:61.1]]
[2019.04.30-08.22.49:029][  0]LogConfig: Setting CVar [[gc.MaxObjectsInEditor:8388607]]
[2019.04.30-08.22.49:029][  0]LogConfig: Setting CVar [[gc.IncrementalBeginDestroyEnabled:1]]
[2019.04.30-08.22.49:029][  0]LogConfig: Setting CVar [[gc.CreateGCClusters:1]]
[2019.04.30-08.22.49:029][  0]LogConfig: Setting CVar [[gc.MergeGCClusters:0]]
[2019.04.30-08.22.49:029][  0]LogConfig: Setting CVar [[gc.MinGCClusterSize:5]]
[2019.04.30-08.22.49:029][  0]LogConfig: Setting CVar [[gc.ActorClusteringEnabled:0]]
[2019.04.30-08.22.49:029][  0]LogConfig: Setting CVar [[gc.BlueprintClusteringEnabled:0]]
[2019.04.30-08.22.49:029][  0]LogConfig: Setting CVar [[gc.UseDisregardForGCOnDedicatedServers:0]]
[2019.04.30-08.22.49:029][  0]LogConfig: Applying CVar settings from Section [/Script/Engine.NetworkSettings] File [D:/UnrealProjects/EditSplineAtRuntime/Saved/Config/Windows/Engine.ini]
[2019.04.30-08.22.49:029][  0]LogConfig: Applying CVar settings from Section [/Script/UnrealEd.CookerSettings] File [D:/UnrealProjects/EditSplineAtRuntime/Saved/Config/Windows/Engine.ini]
[2019.04.30-08.22.49:034][  0]LogConfig: Applying CVar settings from Section [ViewDistanceQuality@3] File [D:/UnrealProjects/EditSplineAtRuntime/Saved/Config/Windows/Scalability.ini]
[2019.04.30-08.22.49:034][  0]LogConfig: Setting CVar [[r.SkeletalMeshLODBias:0]]
[2019.04.30-08.22.49:034][  0]LogConfig: Setting CVar [[r.ViewDistanceScale:1.0]]
[2019.04.30-08.22.49:034][  0]LogConfig: Applying CVar settings from Section [AntiAliasingQuality@3] File [D:/UnrealProjects/EditSplineAtRuntime/Saved/Config/Windows/Scalability.ini]
[2019.04.30-08.22.49:034][  0]LogConfig: Setting CVar [[r.PostProcessAAQuality:4]]
[2019.04.30-08.22.49:034][  0]LogConfig: Applying CVar settings from Section [ShadowQuality@3] File [D:/UnrealProjects/EditSplineAtRuntime/Saved/Config/Windows/Scalability.ini]
[2019.04.30-08.22.49:034][  0]LogConfig: Setting CVar [[r.LightFunctionQuality:1]]
[2019.04.30-08.22.49:034][  0]LogConfig: Setting CVar [[r.ShadowQuality:5]]
[2019.04.30-08.22.49:034][  0]LogConfig: Setting CVar [[r.Shadow.CSM.MaxCascades:10]]
[2019.04.30-08.22.49:034][  0]LogConfig: Setting CVar [[r.Shadow.MaxResolution:2048]]
[2019.04.30-08.22.49:034][  0]LogConfig: Setting CVar [[r.Shadow.MaxCSMResolution:2048]]
[2019.04.30-08.22.49:034][  0]LogConfig: Setting CVar [[r.Shadow.RadiusThreshold:0.01]]
[2019.04.30-08.22.49:034][  0]LogConfig: Setting CVar [[r.Shadow.DistanceScale:1.0]]
[2019.04.30-08.22.49:034][  0]LogConfig: Setting CVar [[r.Shadow.CSM.TransitionScale:1.0]]
[2019.04.30-08.22.49:034][  0]LogConfig: Setting CVar [[r.Shadow.PreShadowResolutionFactor:1.0]]
[2019.04.30-08.22.49:034][  0]LogConfig: Setting CVar [[r.DistanceFieldShadowing:1]]
[2019.04.30-08.22.49:034][  0]LogConfig: Setting CVar [[r.DistanceFieldAO:1]]
[2019.04.30-08.22.49:034][  0]LogConfig: Setting CVar [[r.AOQuality:2]]
[2019.04.30-08.22.49:034][  0]LogConfig: Setting CVar [[r.VolumetricFog:1]]
[2019.04.30-08.22.49:034][  0]LogConfig: Setting CVar [[r.VolumetricFog.GridPixelSize:8]]
[2019.04.30-08.22.49:034][  0]LogConfig: Setting CVar [[r.VolumetricFog.GridSizeZ:128]]
[2019.04.30-08.22.49:034][  0]LogConfig: Setting CVar [[r.VolumetricFog.HistoryMissSupersampleCount:4]]
[2019.04.30-08.22.49:034][  0]LogConfig: Setting CVar [[r.LightMaxDrawDistanceScale:1]]
[2019.04.30-08.22.49:034][  0]LogConfig: Setting CVar [[r.CapsuleShadows:1]]
[2019.04.30-08.22.49:034][  0]LogConfig: Applying CVar settings from Section [PostProcessQuality@3] File [D:/UnrealProjects/EditSplineAtRuntime/Saved/Config/Windows/Scalability.ini]
[2019.04.30-08.22.49:034][  0]LogConfig: Setting CVar [[r.MotionBlurQuality:4]]
[2019.04.30-08.22.49:034][  0]LogConfig: Setting CVar [[r.AmbientOcclusionMipLevelFactor:0.4]]
[2019.04.30-08.22.49:034][  0]LogConfig: Setting CVar [[r.AmbientOcclusionMaxQuality:100]]
[2019.04.30-08.22.49:034][  0]LogConfig: Setting CVar [[r.AmbientOcclusionLevels:-1]]
[2019.04.30-08.22.49:034][  0]LogConfig: Setting CVar [[r.AmbientOcclusionRadiusScale:1.0]]
[2019.04.30-08.22.49:034][  0]LogConfig: Setting CVar [[r.DepthOfFieldQuality:2]]
[2019.04.30-08.22.49:034][  0]LogConfig: Setting CVar [[r.RenderTargetPoolMin:400]]
[2019.04.30-08.22.49:034][  0]LogConfig: Setting CVar [[r.LensFlareQuality:2]]
[2019.04.30-08.22.49:034][  0]LogConfig: Setting CVar [[r.SceneColorFringeQuality:1]]
[2019.04.30-08.22.49:035][  0]LogConfig: Setting CVar [[r.EyeAdaptationQuality:2]]
[2019.04.30-08.22.49:035][  0]LogConfig: Setting CVar [[r.BloomQuality:5]]
[2019.04.30-08.22.49:035][  0]LogConfig: Setting CVar [[r.FastBlurThreshold:100]]
[2019.04.30-08.22.49:035][  0]LogConfig: Setting CVar [[r.Upscale.Quality:3]]
[2019.04.30-08.22.49:035][  0]LogConfig: Setting CVar [[r.Tonemapper.GrainQuantization:1]]
[2019.04.30-08.22.49:035][  0]LogConfig: Setting CVar [[r.LightShaftQuality:1]]
[2019.04.30-08.22.49:035][  0]LogConfig: Setting CVar [[r.Filter.SizeScale:1]]
[2019.04.30-08.22.49:035][  0]LogConfig: Setting CVar [[r.Tonemapper.Quality:5]]
[2019.04.30-08.22.49:035][  0]LogConfig: Setting CVar [[r.DOF.Gather.AccumulatorQuality:1        ; higher gathering accumulator quality]]
[2019.04.30-08.22.49:035][  0]LogConfig: Setting CVar [[r.DOF.Gather.PostfilterMethod:1          ; Median3x3 postfilering method]]
[2019.04.30-08.22.49:035][  0]LogConfig: Setting CVar [[r.DOF.Gather.EnableBokehSettings:0       ; no bokeh simulation when gathering]]
[2019.04.30-08.22.49:035][  0]LogConfig: Setting CVar [[r.DOF.Gather.RingCount:4                 ; medium number of samples when gathering]]
[2019.04.30-08.22.49:035][  0]LogConfig: Setting CVar [[r.DOF.Scatter.ForegroundCompositing:1    ; additive foreground scattering]]
[2019.04.30-08.22.49:035][  0]LogConfig: Setting CVar [[r.DOF.Scatter.BackgroundCompositing:2    ; additive background scattering]]
[2019.04.30-08.22.49:035][  0]LogConfig: Setting CVar [[r.DOF.Scatter.EnableBokehSettings:1      ; bokeh simulation when scattering]]
[2019.04.30-08.22.49:035][  0]LogConfig: Setting CVar [[r.DOF.Scatter.MaxSpriteRatio:0.1         ; only a maximum of 10% of scattered bokeh]]
[2019.04.30-08.22.49:035][  0]LogConfig: Setting CVar [[r.DOF.Recombine.Quality:1                ; cheap slight out of focus]]
[2019.04.30-08.22.49:035][  0]LogConfig: Setting CVar [[r.DOF.Recombine.EnableBokehSettings:0    ; no bokeh simulation on slight out of focus]]
[2019.04.30-08.22.49:035][  0]LogConfig: Setting CVar [[r.DOF.TemporalAAQuality:1                ; more stable temporal accumulation]]
[2019.04.30-08.22.49:035][  0]LogConfig: Setting CVar [[r.DOF.Kernel.MaxForegroundRadius:0.025]]
[2019.04.30-08.22.49:035][  0]LogConfig: Setting CVar [[r.DOF.Kernel.MaxBackgroundRadius:0.025]]
[2019.04.30-08.22.49:035][  0]LogConfig: Applying CVar settings from Section [TextureQuality@3] File [D:/UnrealProjects/EditSplineAtRuntime/Saved/Config/Windows/Scalability.ini]
[2019.04.30-08.22.49:035][  0]LogConfig: Setting CVar [[r.Streaming.MipBias:0]]
[2019.04.30-08.22.49:035][  0]LogConfig: Setting CVar [[r.Streaming.AmortizeCPUToGPUCopy:0]]
[2019.04.30-08.22.49:035][  0]LogConfig: Setting CVar [[r.Streaming.MaxNumTexturesToStreamPerFrame:0]]
[2019.04.30-08.22.49:035][  0]LogConfig: Setting CVar [[r.Streaming.Boost:1]]
[2019.04.30-08.22.49:035][  0]LogConfig: Setting CVar [[r.MaxAnisotropy:8]]
[2019.04.30-08.22.49:035][  0]LogConfig: Setting CVar [[r.Streaming.LimitPoolSizeToVRAM:0]]
[2019.04.30-08.22.49:035][  0]LogConfig: Setting CVar [[r.Streaming.PoolSize:1000]]
[2019.04.30-08.22.49:035][  0]LogConfig: Setting CVar [[r.Streaming.MaxEffectiveScreenSize:0]]
[2019.04.30-08.22.49:035][  0]LogConfig: Applying CVar settings from Section [EffectsQuality@3] File [D:/UnrealProjects/EditSplineAtRuntime/Saved/Config/Windows/Scalability.ini]
[2019.04.30-08.22.49:035][  0]LogConfig: Setting CVar [[r.TranslucencyLightingVolumeDim:64]]
[2019.04.30-08.22.49:035][  0]LogConfig: Setting CVar [[r.RefractionQuality:2]]
[2019.04.30-08.22.49:035][  0]LogConfig: Setting CVar [[r.SSR.Quality:3]]
[2019.04.30-08.22.49:035][  0]LogConfig: Setting CVar [[r.SceneColorFormat:4]]
[2019.04.30-08.22.49:035][  0]LogConfig: Setting CVar [[r.DetailMode:2]]
[2019.04.30-08.22.49:035][  0]LogConfig: Setting CVar [[r.TranslucencyVolumeBlur:1]]
[2019.04.30-08.22.49:035][  0]LogConfig: Setting CVar [[r.MaterialQualityLevel:1 ; High quality]]
[2019.04.30-08.22.49:035][  0]LogConfig: Setting CVar [[r.SSS.Scale:1]]
[2019.04.30-08.22.49:035][  0]LogConfig: Setting CVar [[r.SSS.SampleSet:2]]
[2019.04.30-08.22.49:035][  0]LogConfig: Setting CVar [[r.SSS.Quality:1]]
[2019.04.30-08.22.49:035][  0]LogConfig: Setting CVar [[r.SSS.HalfRes:1]]
[2019.04.30-08.22.49:035][  0]LogConfig: Setting CVar [[r.EmitterSpawnRateScale:1.0]]
[2019.04.30-08.22.49:035][  0]LogConfig: Setting CVar [[r.ParticleLightQuality:2]]
[2019.04.30-08.22.49:035][  0]LogConfig: Applying CVar settings from Section [FoliageQuality@3] File [D:/UnrealProjects/EditSplineAtRuntime/Saved/Config/Windows/Scalability.ini]
[2019.04.30-08.22.49:035][  0]LogConfig: Setting CVar [[foliage.DensityScale:1.0]]
[2019.04.30-08.22.49:035][  0]LogConfig: Setting CVar [[grass.DensityScale:1.0]]
[2019.04.30-08.22.49:035][  0]LogInit: Selected Device Profile: [Windows]
[2019.04.30-08.22.49:035][  0]LogInit: Applying CVar settings loaded from the selected device profile: [Windows]
[2019.04.30-08.22.49:041][  0]LogHAL: Display: Platform has ~ 32 GB [34169790464 / 34359738368 / 32], which maps to Largest [LargestMinGB=32, LargerMinGB=12, DefaultMinGB=8, SmallerMinGB=6, SmallestMinGB=0)
[2019.04.30-08.22.49:041][  0]LogConfig: Setting CVar [[r.Vulkan.UseRealUBs:1]]
[2019.04.30-08.22.49:041][  0]LogInit: Going up to parent DeviceProfile []
[2019.04.30-08.22.49:041][  0]LogConfig: Applying CVar settings from Section [ViewDistanceQuality@3] File [D:/UnrealProjects/EditSplineAtRuntime/Saved/Config/Windows/Scalability.ini]
[2019.04.30-08.22.49:041][  0]LogConfig: Setting CVar [[r.SkeletalMeshLODBias:0]]
[2019.04.30-08.22.49:041][  0]LogConfig: Setting CVar [[r.ViewDistanceScale:1.0]]
[2019.04.30-08.22.49:041][  0]LogConfig: Applying CVar settings from Section [AntiAliasingQuality@3] File [D:/UnrealProjects/EditSplineAtRuntime/Saved/Config/Windows/Scalability.ini]
[2019.04.30-08.22.49:041][  0]LogConfig: Setting CVar [[r.PostProcessAAQuality:4]]
[2019.04.30-08.22.49:041][  0]LogConfig: Applying CVar settings from Section [ShadowQuality@3] File [D:/UnrealProjects/EditSplineAtRuntime/Saved/Config/Windows/Scalability.ini]
[2019.04.30-08.22.49:041][  0]LogConfig: Setting CVar [[r.LightFunctionQuality:1]]
[2019.04.30-08.22.49:041][  0]LogConfig: Setting CVar [[r.ShadowQuality:5]]
[2019.04.30-08.22.49:041][  0]LogConfig: Setting CVar [[r.Shadow.CSM.MaxCascades:10]]
[2019.04.30-08.22.49:041][  0]LogConfig: Setting CVar [[r.Shadow.MaxResolution:2048]]
[2019.04.30-08.22.49:041][  0]LogConfig: Setting CVar [[r.Shadow.MaxCSMResolution:2048]]
[2019.04.30-08.22.49:041][  0]LogConfig: Setting CVar [[r.Shadow.RadiusThreshold:0.01]]
[2019.04.30-08.22.49:041][  0]LogConfig: Setting CVar [[r.Shadow.DistanceScale:1.0]]
[2019.04.30-08.22.49:041][  0]LogConfig: Setting CVar [[r.Shadow.CSM.TransitionScale:1.0]]
[2019.04.30-08.22.49:041][  0]LogConfig: Setting CVar [[r.Shadow.PreShadowResolutionFactor:1.0]]
[2019.04.30-08.22.49:041][  0]LogConfig: Setting CVar [[r.DistanceFieldShadowing:1]]
[2019.04.30-08.22.49:041][  0]LogConfig: Setting CVar [[r.DistanceFieldAO:1]]
[2019.04.30-08.22.49:041][  0]LogConfig: Setting CVar [[r.AOQuality:2]]
[2019.04.30-08.22.49:041][  0]LogConfig: Setting CVar [[r.VolumetricFog:1]]
[2019.04.30-08.22.49:041][  0]LogConfig: Setting CVar [[r.VolumetricFog.GridPixelSize:8]]
[2019.04.30-08.22.49:041][  0]LogConfig: Setting CVar [[r.VolumetricFog.GridSizeZ:128]]
[2019.04.30-08.22.49:041][  0]LogConfig: Setting CVar [[r.VolumetricFog.HistoryMissSupersampleCount:4]]
[2019.04.30-08.22.49:041][  0]LogConfig: Setting CVar [[r.LightMaxDrawDistanceScale:1]]
[2019.04.30-08.22.49:041][  0]LogConfig: Setting CVar [[r.CapsuleShadows:1]]
[2019.04.30-08.22.49:041][  0]LogConfig: Applying CVar settings from Section [PostProcessQuality@3] File [D:/UnrealProjects/EditSplineAtRuntime/Saved/Config/Windows/Scalability.ini]
[2019.04.30-08.22.49:041][  0]LogConfig: Setting CVar [[r.MotionBlurQuality:4]]
[2019.04.30-08.22.49:041][  0]LogConfig: Setting CVar [[r.AmbientOcclusionMipLevelFactor:0.4]]
[2019.04.30-08.22.49:041][  0]LogConfig: Setting CVar [[r.AmbientOcclusionMaxQuality:100]]
[2019.04.30-08.22.49:041][  0]LogConfig: Setting CVar [[r.AmbientOcclusionLevels:-1]]
[2019.04.30-08.22.49:041][  0]LogConfig: Setting CVar [[r.AmbientOcclusionRadiusScale:1.0]]
[2019.04.30-08.22.49:041][  0]LogConfig: Setting CVar [[r.DepthOfFieldQuality:2]]
[2019.04.30-08.22.49:041][  0]LogConfig: Setting CVar [[r.RenderTargetPoolMin:400]]
[2019.04.30-08.22.49:041][  0]LogConfig: Setting CVar [[r.LensFlareQuality:2]]
[2019.04.30-08.22.49:041][  0]LogConfig: Setting CVar [[r.SceneColorFringeQuality:1]]
[2019.04.30-08.22.49:041][  0]LogConfig: Setting CVar [[r.EyeAdaptationQuality:2]]
[2019.04.30-08.22.49:041][  0]LogConfig: Setting CVar [[r.BloomQuality:5]]
[2019.04.30-08.22.49:041][  0]LogConfig: Setting CVar [[r.FastBlurThreshold:100]]
[2019.04.30-08.22.49:041][  0]LogConfig: Setting CVar [[r.Upscale.Quality:3]]
[2019.04.30-08.22.49:041][  0]LogConfig: Setting CVar [[r.Tonemapper.GrainQuantization:1]]
[2019.04.30-08.22.49:041][  0]LogConfig: Setting CVar [[r.LightShaftQuality:1]]
[2019.04.30-08.22.49:041][  0]LogConfig: Setting CVar [[r.Filter.SizeScale:1]]
[2019.04.30-08.22.49:041][  0]LogConfig: Setting CVar [[r.Tonemapper.Quality:5]]
[2019.04.30-08.22.49:041][  0]LogConfig: Setting CVar [[r.DOF.Gather.AccumulatorQuality:1        ; higher gathering accumulator quality]]
[2019.04.30-08.22.49:041][  0]LogConfig: Setting CVar [[r.DOF.Gather.PostfilterMethod:1          ; Median3x3 postfilering method]]
[2019.04.30-08.22.49:041][  0]LogConfig: Setting CVar [[r.DOF.Gather.EnableBokehSettings:0       ; no bokeh simulation when gathering]]
[2019.04.30-08.22.49:041][  0]LogConfig: Setting CVar [[r.DOF.Gather.RingCount:4                 ; medium number of samples when gathering]]
[2019.04.30-08.22.49:042][  0]LogConfig: Setting CVar [[r.DOF.Scatter.ForegroundCompositing:1    ; additive foreground scattering]]
[2019.04.30-08.22.49:042][  0]LogConfig: Setting CVar [[r.DOF.Scatter.BackgroundCompositing:2    ; additive background scattering]]
[2019.04.30-08.22.49:042][  0]LogConfig: Setting CVar [[r.DOF.Scatter.EnableBokehSettings:1      ; bokeh simulation when scattering]]
[2019.04.30-08.22.49:042][  0]LogConfig: Setting CVar [[r.DOF.Scatter.MaxSpriteRatio:0.1         ; only a maximum of 10% of scattered bokeh]]
[2019.04.30-08.22.49:042][  0]LogConfig: Setting CVar [[r.DOF.Recombine.Quality:1                ; cheap slight out of focus]]
[2019.04.30-08.22.49:042][  0]LogConfig: Setting CVar [[r.DOF.Recombine.EnableBokehSettings:0    ; no bokeh simulation on slight out of focus]]
[2019.04.30-08.22.49:042][  0]LogConfig: Setting CVar [[r.DOF.TemporalAAQuality:1                ; more stable temporal accumulation]]
[2019.04.30-08.22.49:042][  0]LogConfig: Setting CVar [[r.DOF.Kernel.MaxForegroundRadius:0.025]]
[2019.04.30-08.22.49:042][  0]LogConfig: Setting CVar [[r.DOF.Kernel.MaxBackgroundRadius:0.025]]
[2019.04.30-08.22.49:042][  0]LogConfig: Applying CVar settings from Section [TextureQuality@3] File [D:/UnrealProjects/EditSplineAtRuntime/Saved/Config/Windows/Scalability.ini]
[2019.04.30-08.22.49:042][  0]LogConfig: Setting CVar [[r.Streaming.MipBias:0]]
[2019.04.30-08.22.49:042][  0]LogConfig: Setting CVar [[r.Streaming.AmortizeCPUToGPUCopy:0]]
[2019.04.30-08.22.49:042][  0]LogConfig: Setting CVar [[r.Streaming.MaxNumTexturesToStreamPerFrame:0]]
[2019.04.30-08.22.49:042][  0]LogConfig: Setting CVar [[r.Streaming.Boost:1]]
[2019.04.30-08.22.49:042][  0]LogConfig: Setting CVar [[r.MaxAnisotropy:8]]
[2019.04.30-08.22.49:042][  0]LogConfig: Setting CVar [[r.Streaming.LimitPoolSizeToVRAM:0]]
[2019.04.30-08.22.49:042][  0]LogConfig: Setting CVar [[r.Streaming.PoolSize:1000]]
[2019.04.30-08.22.49:042][  0]LogConfig: Setting CVar [[r.Streaming.MaxEffectiveScreenSize:0]]
[2019.04.30-08.22.49:042][  0]LogConfig: Applying CVar settings from Section [EffectsQuality@3] File [D:/UnrealProjects/EditSplineAtRuntime/Saved/Config/Windows/Scalability.ini]
[2019.04.30-08.22.49:042][  0]LogConfig: Setting CVar [[r.TranslucencyLightingVolumeDim:64]]
[2019.04.30-08.22.49:042][  0]LogConfig: Setting CVar [[r.RefractionQuality:2]]
[2019.04.30-08.22.49:042][  0]LogConfig: Setting CVar [[r.SSR.Quality:3]]
[2019.04.30-08.22.49:042][  0]LogConfig: Setting CVar [[r.SceneColorFormat:4]]
[2019.04.30-08.22.49:042][  0]LogConfig: Setting CVar [[r.DetailMode:2]]
[2019.04.30-08.22.49:042][  0]LogConfig: Setting CVar [[r.TranslucencyVolumeBlur:1]]
[2019.04.30-08.22.49:042][  0]LogConfig: Setting CVar [[r.MaterialQualityLevel:1 ; High quality]]
[2019.04.30-08.22.49:042][  0]LogConfig: Setting CVar [[r.SSS.Scale:1]]
[2019.04.30-08.22.49:042][  0]LogConfig: Setting CVar [[r.SSS.SampleSet:2]]
[2019.04.30-08.22.49:042][  0]LogConfig: Setting CVar [[r.SSS.Quality:1]]
[2019.04.30-08.22.49:042][  0]LogConfig: Setting CVar [[r.SSS.HalfRes:1]]
[2019.04.30-08.22.49:042][  0]LogConfig: Setting CVar [[r.EmitterSpawnRateScale:1.0]]
[2019.04.30-08.22.49:042][  0]LogConfig: Setting CVar [[r.ParticleLightQuality:2]]
[2019.04.30-08.22.49:042][  0]LogConfig: Applying CVar settings from Section [FoliageQuality@3] File [D:/UnrealProjects/EditSplineAtRuntime/Saved/Config/Windows/Scalability.ini]
[2019.04.30-08.22.49:042][  0]LogConfig: Setting CVar [[foliage.DensityScale:1.0]]
[2019.04.30-08.22.49:042][  0]LogConfig: Setting CVar [[grass.DensityScale:1.0]]
[2019.04.30-08.22.49:042][  0]LogConfig: Applying CVar settings from Section [Startup] File [../../../Engine/Config/ConsoleVariables.ini]
[2019.04.30-08.22.49:042][  0]LogConfig: Setting CVar [[net.UseAdaptiveNetUpdateFrequency:0]]
[2019.04.30-08.22.49:042][  0]LogConfig: Applying CVar settings from Section [ConsoleVariables] File [D:/UnrealProjects/EditSplineAtRuntime/Saved/Config/Windows/Engine.ini]
[2019.04.30-08.22.49:042][  0]LogInit: Computer: W-20236
[2019.04.30-08.22.49:042][  0]LogInit: User: UiseeEmulation
[2019.04.30-08.22.49:042][  0]LogInit: CPU Page size=4096, Cores=8
[2019.04.30-08.22.49:042][  0]LogInit: High frequency timer resolution =10.000000 MHz
[2019.04.30-08.22.49:042][  0]LogMemory: Memory total: Physical=31.8GB (32GB approx)
[2019.04.30-08.22.49:042][  0]LogMemory: Platform Memory Stats for Windows
[2019.04.30-08.22.49:042][  0]LogMemory: Process Physical Memory: 103.11 MB used, 103.11 MB peak
[2019.04.30-08.22.49:042][  0]LogMemory: Process Virtual Memory: 91.81 MB used, 91.81 MB peak
[2019.04.30-08.22.49:042][  0]LogMemory: Physical Memory: 13355.76 MB used,  19231.09 MB free, 32586.85 MB total
[2019.04.30-08.22.49:042][  0]LogMemory: Virtual Memory: 4654.72 MB used,  134213072.00 MB free, 134217728.00 MB total
[2019.04.30-08.22.49:091][  0]LogInit: Overriding language with editor language configuration option (en).
[2019.04.30-08.22.49:091][  0]LogInit: Overriding locale with editor locale configuration option (en).
[2019.04.30-08.22.49:365][  0]LogStreaming: Display: Took  0.274s to InitEngineTextLocalization.
[2019.04.30-08.22.49:366][  0]LogInit: Setting process to per monitor DPI aware
[2019.04.30-08.22.49:409][  0]LogSlate: New Slate User Created.  User Index 0, Is Virtual User: 0
[2019.04.30-08.22.49:409][  0]LogSlate: Slate User Registered.  User Index 0, Is Virtual User: 0
[2019.04.30-08.22.49:555][  0]LogHMD: Failed to initialize OpenVR with code 110
[2019.04.30-08.22.49:555][  0]LogD3D11RHI: D3D11 adapters:
[2019.04.30-08.22.49:613][  0]LogD3D11RHI:    0. 'NVIDIA GeForce RTX 2080 Ti' (Feature Level 11_0)
[2019.04.30-08.22.49:613][  0]LogD3D11RHI:       11049/0/16293 MB DedicatedVideo/DedicatedSystem/SharedSystem, Outputs:2, VendorId:0x10de
[2019.04.30-08.22.49:636][  0]LogD3D11RHI:    1. 'Intel(R) UHD Graphics 630' (Feature Level 11_0)
[2019.04.30-08.22.49:636][  0]LogD3D11RHI:       128/0/16293 MB DedicatedVideo/DedicatedSystem/SharedSystem, Outputs:0, VendorId:0x8086
[2019.04.30-08.22.49:637][  0]LogD3D11RHI:    2. 'Microsoft Basic Render Driver' (Feature Level 11_0)
[2019.04.30-08.22.49:637][  0]LogD3D11RHI:       0/0/16293 MB DedicatedVideo/DedicatedSystem/SharedSystem, Outputs:0, VendorId:0x1414
[2019.04.30-08.22.49:637][  0]LogD3D11RHI: Chosen D3D11 Adapter: 0
[2019.04.30-08.22.49:645][  0]LogD3D11RHI: Creating new Direct3DDevice
[2019.04.30-08.22.49:645][  0]LogD3D11RHI:     GPU DeviceId: 0x1e04 (for the marketing name, search the web for "GPU Device Id")
[2019.04.30-08.22.49:645][  0]LogWindows: EnumDisplayDevices:
[2019.04.30-08.22.49:645][  0]LogWindows:    0. 'NVIDIA GeForce RTX 2080 Ti' (P:0 D:1)
[2019.04.30-08.22.49:645][  0]LogWindows:    1. 'NVIDIA GeForce RTX 2080 Ti' (P:1 D:1)
[2019.04.30-08.22.49:645][  0]LogWindows:    2. 'NVIDIA GeForce RTX 2080 Ti' (P:0 D:0)
[2019.04.30-08.22.49:645][  0]LogWindows:    3. 'NVIDIA GeForce RTX 2080 Ti' (P:0 D:0)
[2019.04.30-08.22.49:645][  0]LogWindows:    4. 'Intel(R) UHD Graphics 630' (P:0 D:0)
[2019.04.30-08.22.49:646][  0]LogWindows:    5. 'Intel(R) UHD Graphics 630' (P:0 D:0)
[2019.04.30-08.22.49:646][  0]LogWindows:    6. 'Intel(R) UHD Graphics 630' (P:0 D:0)
[2019.04.30-08.22.49:646][  0]LogWindows: DebugString: PrimaryIsNotTheChoosenAdapter PrimaryIsNotTheChoosenAdapter PrimaryIsNotTheChoosenAdapter FoundDriverCount:4 
[2019.04.30-08.22.49:646][  0]LogD3D11RHI:     Adapter Name: NVIDIA GeForce RTX 2080 Ti
[2019.04.30-08.22.49:646][  0]LogD3D11RHI:   Driver Version: 419.17 (internal:25.21.14.1917, unified:419.17)
[2019.04.30-08.22.49:646][  0]LogD3D11RHI:      Driver Date: 2-20-2019
[2019.04.30-08.22.49:646][  0]LogRHI: Texture pool is 7734 MB (70% of 11049 MB)
[2019.04.30-08.22.49:683][  0]LogD3D11RHI: Async texture creation enabled
[2019.04.30-08.22.49:706][  0]LogD3D11RHI: GPU Timing Frequency: 1000.000000 (Debug: 2 2)
[2019.04.30-08.22.50:020][  0]LogTemp: Display: Loaded TP AllDesktopTargetPlatform
[2019.04.30-08.22.50:029][  0]LogTemp: Display: Loaded TP MacClientTargetPlatform
[2019.04.30-08.22.50:038][  0]LogTemp: Display: Loaded TP MacNoEditorTargetPlatform
[2019.04.30-08.22.50:047][  0]LogTemp: Display: Loaded TP MacServerTargetPlatform
[2019.04.30-08.22.50:056][  0]LogTemp: Display: Loaded TP MacTargetPlatform
[2019.04.30-08.22.50:066][  0]LogTemp: Display: Loaded TP WindowsClientTargetPlatform
[2019.04.30-08.22.50:075][  0]LogTemp: Display: Loaded TP WindowsNoEditorTargetPlatform
[2019.04.30-08.22.50:084][  0]LogTemp: Display: Loaded TP WindowsServerTargetPlatform
[2019.04.30-08.22.50:088][  0]LogTemp: Display: Loaded TP WindowsTargetPlatform
[2019.04.30-08.22.50:140][  0]LogTemp: Display: Loaded TP AndroidTargetPlatform
[2019.04.30-08.22.50:140][  0]LogTemp: Display: Loaded TP AndroidTargetPlatform
[2019.04.30-08.22.50:140][  0]LogTemp: Display: Loaded TP AndroidTargetPlatform
[2019.04.30-08.22.50:140][  0]LogTemp: Display: Loaded TP AndroidTargetPlatform
[2019.04.30-08.22.50:140][  0]LogTemp: Display: Loaded TP AndroidTargetPlatform
[2019.04.30-08.22.50:141][  0]LogTemp: Display: Loaded TP AndroidTargetPlatform
[2019.04.30-08.22.50:141][  0]LogTemp: Display: Loaded TP AndroidTargetPlatform
[2019.04.30-08.22.50:141][  0]LogTemp: Display: Loaded TP AndroidTargetPlatform
[2019.04.30-08.22.50:141][  0]LogTemp: Display: Loaded TP AndroidTargetPlatform
[2019.04.30-08.22.50:141][  0]LogTemp: Display: Loaded TP AndroidTargetPlatform
[2019.04.30-08.22.50:141][  0]LogTemp: Display: Loaded TP AndroidTargetPlatform
[2019.04.30-08.22.50:141][  0]LogTemp: Display: Loaded TP AndroidTargetPlatform
[2019.04.30-08.22.50:141][  0]LogTemp: Display: Loaded TP AndroidTargetPlatform
[2019.04.30-08.22.50:141][  0]LogTemp: Display: Loaded TP AndroidTargetPlatform
[2019.04.30-08.22.50:141][  0]LogTemp: Display: Loaded TP AndroidTargetPlatform
[2019.04.30-08.22.50:141][  0]LogTemp: Display: Loaded TP AndroidTargetPlatform
[2019.04.30-08.22.50:141][  0]LogTemp: Display: Loaded TP AndroidTargetPlatform
[2019.04.30-08.22.50:141][  0]LogTemp: Display: Loaded TP AndroidTargetPlatform
[2019.04.30-08.22.50:142][  0]LogTemp: Display: Loaded TP HTML5TargetPlatform
[2019.04.30-08.22.50:192][  0]LogTemp: Display: Loaded TP IOSTargetPlatform
[2019.04.30-08.22.50:192][  0]LogTemp: Display: Loaded TP IOSTargetPlatform
[2019.04.30-08.22.50:208][  0]LogTemp: Display: Loaded TP TVOSTargetPlatform
[2019.04.30-08.22.50:208][  0]LogTemp: Display: Loaded TP TVOSTargetPlatform
[2019.04.30-08.22.50:217][  0]LogTemp: Display: Loaded TP LinuxClientTargetPlatform
[2019.04.30-08.22.50:225][  0]LogTemp: Display: Loaded TP LinuxNoEditorTargetPlatform
[2019.04.30-08.22.50:234][  0]LogTemp: Display: Loaded TP LinuxServerTargetPlatform
[2019.04.30-08.22.50:242][  0]LogTemp: Display: Loaded TP LinuxTargetPlatform
[2019.04.30-08.22.50:274][  0]LogTemp: Display: Loaded TP LuminTargetPlatform
[2019.04.30-08.22.50:274][  0]LogTemp: Display: Loaded TP LuminTargetPlatform
[2019.04.30-08.22.50:274][  0]LogTargetPlatformManager: Display: Building Assets For Windows
[2019.04.30-08.22.50:303][  0]LogShaderCompilers: Guid format shader working directory is 18 characters bigger than the processId version (D:/UnrealProjects/EditSplineAtRuntime/Intermediate/Shaders/WorkingDirectory/4796/).
[2019.04.30-08.22.50:303][  0]LogShaderCompilers: Cleaned the shader compiler working directory 'C:/Users/UiseeEmulation/AppData/Local/Temp/UnrealShaderWorkingDir/976E70C44244CF0190B5AF92CF9F7515/'.
[2019.04.30-08.22.50:304][  0]LogXGEController: Cannot use XGE Controller as Incredibuild is not installed on this machine.
[2019.04.30-08.22.50:304][  0]LogShaderCompilers: Cannot use XGE Shader Compiler as Incredibuild is not installed on this machine.
[2019.04.30-08.22.50:304][  0]LogShaderCompilers: Display: Using Local Shader Compiler.
[2019.04.30-08.22.50:712][  0]LogDerivedDataCache: Display: Max Cache Size: 512 MB
[2019.04.30-08.22.50:749][  0]LogDerivedDataCache: Loaded boot cache 0.04s 71MB C:/Users/UiseeEmulation/AppData/Local/UnrealEngine/4.21/DerivedDataCache/Boot.ddc.
[2019.04.30-08.22.50:749][  0]LogDerivedDataCache: Display: Loaded Boot cache: C:/Users/UiseeEmulation/AppData/Local/UnrealEngine/4.21/DerivedDataCache/Boot.ddc
[2019.04.30-08.22.50:749][  0]LogDerivedDataCache: FDerivedDataBackendGraph:  Pak pak cache file D:/UnrealProjects/EditSplineAtRuntime/DerivedDataCache/DDC.ddp not found, will not use a pak cache.
[2019.04.30-08.22.50:749][  0]LogDerivedDataCache: Unable to find inner node Pak for hierarchical cache Hierarchy.
[2019.04.30-08.22.50:749][  0]LogDerivedDataCache: FDerivedDataBackendGraph:  CompressedPak pak cache file D:/UnrealProjects/EditSplineAtRuntime/DerivedDataCache/Compressed.ddp not found, will not use a pak cache.
[2019.04.30-08.22.50:749][  0]LogDerivedDataCache: Unable to find inner node CompressedPak for hierarchical cache Hierarchy.
[2019.04.30-08.22.50:761][  0]LogDerivedDataCache: Display: Pak cache opened for reading ../../../Engine/DerivedDataCache/Compressed.ddp.
[2019.04.30-08.22.50:762][  0]LogDerivedDataCache: FDerivedDataBackendGraph:  EnterprisePak pak cache file ../../../Enterprise/DerivedDataCache/Compressed.ddp not found, will not use a pak cache.
[2019.04.30-08.22.50:762][  0]LogDerivedDataCache: Unable to find inner node EnterprisePak for hierarchical cache Hierarchy.
[2019.04.30-08.22.50:774][  0]LogDerivedDataCache: Using Local data cache path C:/Users/UiseeEmulation/AppData/Local/UnrealEngine/Common/DerivedDataCache: Writable
[2019.04.30-08.22.50:774][  0]LogDerivedDataCache: Shared data cache path not found in *engine.ini, will not use an Shared cache.
[2019.04.30-08.22.50:774][  0]LogDerivedDataCache: Unable to find inner node Shared for hierarchical cache Hierarchy.
[2019.04.30-08.22.50:791][  0]LogMaterial: Verifying Global Shaders for PCD3D_SM5
[2019.04.30-08.22.50:792][  0]LogSlate: Using FreeType 2.6.0
[2019.04.30-08.22.50:792][  0]LogSlate: SlateFontServices - WITH_FREETYPE: 1, WITH_HARFBUZZ: 1
[2019.04.30-08.22.50:861][  0]LogAssetRegistry: FAssetRegistry took 0.0297 seconds to start up
[2019.04.30-08.22.51:086][  0]LogInit: Selected Device Profile: [Windows]
[2019.04.30-08.22.51:187][  0]LogSimplygon: Simplygon DLL not present - disabling.
[2019.04.30-08.22.51:189][  0]LogMeshReduction: Using SimplygonSwarm for distributed automatic mesh merging
[2019.04.30-08.22.51:189][  0]LogMeshReduction: Using ProxyLODMeshReduction for automatic mesh merging
[2019.04.30-08.22.51:189][  0]LogMeshReduction: Using QuadricMeshReduction for automatic static mesh reduction
[2019.04.30-08.22.51:189][  0]LogMeshReduction: No automatic skeletal mesh reduction module available
[2019.04.30-08.22.51:202][  0]LogNetVersion: EditSplineAtRuntime 1.0.0, NetCL: 4541578, EngineNetVer: 5, GameNetVer: 0 (Checksum: 2796048924)
[2019.04.30-08.22.51:515][  0]LogPackageLocalizationCache: Processed 11 localized package path(s) for 1 prioritized culture(s) in 0.027186 seconds
[2019.04.30-08.22.51:519][  0]LogUObjectArray: 39775 objects as part of root set at end of initial load.
[2019.04.30-08.22.51:519][  0]LogUObjectAllocator: 6914656 out of 0 bytes used by permanent object pool.
[2019.04.30-08.22.51:519][  0]LogUObjectArray: CloseDisregardForGC: 0/0 objects in disregard for GC pool
[2019.04.30-08.22.52:125][  0]LogTcpMessaging: Initializing TcpMessaging bridge
[2019.04.30-08.22.52:137][  0]LogUdpMessaging: Initializing bridge on interface 0.0.0.0:0 to multicast group 230.0.0.1:6666.
[2019.04.30-08.22.52:661][  0]SourceControl: Source control is disabled
[2019.04.30-08.22.52:661][  0]SourceControl: Source control is disabled
[2019.04.30-08.22.52:662][  0]SourceControl: Source control is disabled
[2019.04.30-08.22.52:663][  0]SourceControl: Source control is disabled
[2019.04.30-08.22.52:795][  0]LogAndroidPermission: UAndroidPermissionCallbackProxy::GetInstance
[2019.04.30-08.22.53:095][  0]LogOcInput: OculusInput pre-init called
[2019.04.30-08.22.53:212][  0]LogEngine: Initializing Engine...
[2019.04.30-08.22.53:212][  0]LogHMD: Failed to initialize OpenVR with code 110
[2019.04.30-08.22.53:213][  0]LogStats: UGameplayTagsManager::ConstructGameplayTagTree: ImportINI prefixes -  0.000 s
[2019.04.30-08.22.53:213][  0]LogStats: UGameplayTagsManager::ConstructGameplayTagTree: Construct from data asset -  0.000 s
[2019.04.30-08.22.53:213][  0]LogStats: UGameplayTagsManager::ConstructGameplayTagTree: ImportINI -  0.000 s
[2019.04.30-08.22.53:213][  0]LogStats: UGameplayTagsManager::ConstructGameplayTagTree: GameplayTagTreeChangedEvent.Broadcast -  0.000 s
[2019.04.30-08.22.53:379][  0]LogInit: Initializing FReadOnlyCVARCache
[2019.04.30-08.22.53:385][  0]LogAIModule: Creating AISystem for world Untitled
[2019.04.30-08.22.53:408][  0]LogInit: XAudio2 using 'DELL U2518D (NVIDIA High Definition Audio)' : 2 channels at 48 kHz using 16 bits per sample (channel mask 0x3)
[2019.04.30-08.22.53:422][  0]LogInit: FAudioDevice initialized.
[2019.04.30-08.22.53:422][  0]LogNetVersion: Set ProjectVersion to 1.0.0.0. Version Checksum will be recalculated on next use.
[2019.04.30-08.22.53:462][  0]LogDerivedDataCache: Saved boot cache 0.04s 71MB C:/Users/UiseeEmulation/AppData/Local/UnrealEngine/4.21/DerivedDataCache/Boot.ddc.
[2019.04.30-08.22.53:463][  0]LogInit: Texture streaming: Enabled
[2019.04.30-08.22.53:474][  0]LogEngineSessionManager: EngineSessionManager initialized
[2019.04.30-08.22.53:474][  0]LogEngineSessionManager: EngineSessionManager sent abnormal shutdown report. Type=Crashed, SessionId={80DBF7C3-44EB-1225-CE90-2CB8C684588A}
[2019.04.30-08.22.53:482][  0]LogInit: Transaction tracking system initialized
[2019.04.30-08.22.53:492][  0]BlueprintLog: New page: Editor Load
[2019.04.30-08.22.53:529][  0]LocalizationService: Localization service is disabled
[2019.04.30-08.22.53:842][  0]LogFileCache: Scanning file cache for directory 'D:/UnrealProjects/EditSplineAtRuntime/Content/' took 0.01s
[2019.04.30-08.22.53:842][  0]LogCook: Display: Max memory allowance for cook 16384mb min free memory 0mb
[2019.04.30-08.22.53:842][  0]LogCook: Display: Mobile HDR setting 1
[2019.04.30-08.22.53:842][  0]LogGameplayTags: Display: UGameplayTagsManager::DoneAddingNativeTags. DelegateIsBound: 0
[2019.04.30-08.22.53:842][  0]LogStats: UGameplayTagsManager::ConstructGameplayTagTree: ImportINI prefixes -  0.000 s
[2019.04.30-08.22.53:842][  0]LogStats: UGameplayTagsManager::ConstructGameplayTagTree: Construct from data asset -  0.000 s
[2019.04.30-08.22.53:842][  0]LogStats: UGameplayTagsManager::ConstructGameplayTagTree: ImportINI -  0.000 s
[2019.04.30-08.22.53:842][  0]LogStats: UGameplayTagsManager::ConstructGameplayTagTree: GameplayTagTreeChangedEvent.Broadcast -  0.000 s
[2019.04.30-08.22.53:913][  0]SourceControl: Source control is disabled
[2019.04.30-08.22.53:913][  0]Cmd: MAP LOAD FILE="../../../Engine/Content/Maps/Templates/Template_Default.umap" TEMPLATE=1 SHOWPROGRESS=1 FEATURELEVEL=3
[2019.04.30-08.22.53:913][  0]LightingResults: New page: Lighting Build
[2019.04.30-08.22.53:914][  0]MapCheck: New page: Map Check
[2019.04.30-08.22.53:914][  0]LightingResults: New page: Lighting Build
[2019.04.30-08.22.54:034][  0]LogAIModule: Creating AISystem for world Untitled_1
[2019.04.30-08.22.54:038][  0]LogEditorServer: Finished looking for orphan Actors (0.000 secs)
[2019.04.30-08.22.54:058][  0]Cmd: MAP CHECKDEP NOCLEARLOG
[2019.04.30-08.22.54:058][  0]MapCheck: Map check complete: 0 Error(s), 0 Warning(s), took 0.134ms to complete.
[2019.04.30-08.22.54:058][  0]LogFileHelpers: Loading map 'Template_Default' took 0.145
[2019.04.30-08.22.54:136][  0]LogSlate: Updating window title bar state: overlay mode, drag disabled, window buttons hidden, title bar hidden
[2019.04.30-08.22.54:140][  0]LogSlate: Updating window title bar state: overlay mode, drag disabled, window buttons hidden, title bar hidden
[2019.04.30-08.22.54:145][  0]LogSlate: Updating window title bar state: overlay mode, drag disabled, window buttons hidden, title bar hidden
[2019.04.30-08.22.54:150][  0]LogSlate: Updating window title bar state: overlay mode, drag disabled, window buttons hidden, title bar hidden
[2019.04.30-08.22.54:157][  0]LogCollectionManager: Loaded 0 collections in 0.000681 seconds
[2019.04.30-08.22.54:170][  0]LogFileCache: Scanning file cache for directory 'D:/UnrealProjects/EditSplineAtRuntime/Saved/Collections/' took 0.01s
[2019.04.30-08.22.54:170][  0]LogFileCache: Scanning file cache for directory 'D:/UnrealProjects/EditSplineAtRuntime/Content/Developers/UiseeEmulation/Collections/' took 0.00s
[2019.04.30-08.22.54:170][  0]LogFileCache: Scanning file cache for directory 'D:/UnrealProjects/EditSplineAtRuntime/Content/Collections/' took 0.00s
[2019.04.30-08.22.54:170][  0]LogCollectionManager: Rebuilt the GUID cache for 0 collections in 0.000000 seconds
[2019.04.30-08.22.54:177][  0]LogContentBrowser: Native class hierarchy populated in 0.0066 seconds. Added 2652 classes and 622 folders.
[2019.04.30-08.22.54:181][  0]LogContentBrowser: Native class hierarchy updated for 'WidgetCarousel' in 0.0002 seconds. Added 0 classes and 0 folders.
[2019.04.30-08.22.54:182][  0]LogPakFile: Registered encryption key '00000000000000000000000000000000': 0 pak files mounted, 0 remain pending
[2019.04.30-08.22.54:183][  0]LogPakFile: Registered encryption key '00000000000000000000000000000000': 0 pak files mounted, 0 remain pending
[2019.04.30-08.22.54:183][  0]LogPakFile: Registered encryption key '00000000000000000000000000000000': 0 pak files mounted, 0 remain pending
[2019.04.30-08.22.54:183][  0]LogPakFile: Registered encryption key '00000000000000000000000000000000': 0 pak files mounted, 0 remain pending
[2019.04.30-08.22.54:184][  0]LogPakFile: Registered encryption key '00000000000000000000000000000000': 0 pak files mounted, 0 remain pending
[2019.04.30-08.22.54:184][  0]LogPakFile: Registered encryption key '00000000000000000000000000000000': 0 pak files mounted, 0 remain pending
[2019.04.30-08.22.54:184][  0]LogPakFile: Registered encryption key '00000000000000000000000000000000': 0 pak files mounted, 0 remain pending
[2019.04.30-08.22.54:185][  0]LogPakFile: Registered encryption key '00000000000000000000000000000000': 0 pak files mounted, 0 remain pending
[2019.04.30-08.22.54:185][  0]LogPakFile: Registered encryption key '00000000000000000000000000000000': 0 pak files mounted, 0 remain pending
[2019.04.30-08.22.54:185][  0]LogPakFile: Registered encryption key '00000000000000000000000000000000': 0 pak files mounted, 0 remain pending
[2019.04.30-08.22.54:186][  0]LogPakFile: Registered encryption key '00000000000000000000000000000000': 0 pak files mounted, 0 remain pending
[2019.04.30-08.22.54:186][  0]LogPakFile: Registered encryption key '00000000000000000000000000000000': 0 pak files mounted, 0 remain pending
[2019.04.30-08.22.54:186][  0]LogPakFile: Registered encryption key '00000000000000000000000000000000': 0 pak files mounted, 0 remain pending
[2019.04.30-08.22.54:187][  0]LogPakFile: Registered encryption key '00000000000000000000000000000000': 0 pak files mounted, 0 remain pending
[2019.04.30-08.22.54:187][  0]LogPakFile: Registered encryption key '00000000000000000000000000000000': 0 pak files mounted, 0 remain pending
[2019.04.30-08.22.54:187][  0]LogPakFile: Registered encryption key '00000000000000000000000000000000': 0 pak files mounted, 0 remain pending
[2019.04.30-08.22.54:187][  0]LogPakFile: Registered encryption key '00000000000000000000000000000000': 0 pak files mounted, 0 remain pending
[2019.04.30-08.22.54:188][  0]LogPakFile: Registered encryption key '00000000000000000000000000000000': 0 pak files mounted, 0 remain pending
[2019.04.30-08.22.54:188][  0]LogPakFile: Registered encryption key '00000000000000000000000000000000': 0 pak files mounted, 0 remain pending
[2019.04.30-08.22.54:188][  0]LogPakFile: Registered encryption key '00000000000000000000000000000000': 0 pak files mounted, 0 remain pending
[2019.04.30-08.22.54:189][  0]LogPakFile: Registered encryption key '00000000000000000000000000000000': 0 pak files mounted, 0 remain pending
[2019.04.30-08.22.54:189][  0]LogPakFile: Registered encryption key '00000000000000000000000000000000': 0 pak files mounted, 0 remain pending
[2019.04.30-08.22.54:189][  0]LogPakFile: Registered encryption key '00000000000000000000000000000000': 0 pak files mounted, 0 remain pending
[2019.04.30-08.22.54:190][  0]LogPakFile: Registered encryption key '00000000000000000000000000000000': 0 pak files mounted, 0 remain pending
[2019.04.30-08.22.54:190][  0]LogPakFile: Registered encryption key '00000000000000000000000000000000': 0 pak files mounted, 0 remain pending
[2019.04.30-08.22.54:190][  0]LogPakFile: Registered encryption key '00000000000000000000000000000000': 0 pak files mounted, 0 remain pending
[2019.04.30-08.22.54:213][  0]LogContentBrowser: Native class hierarchy updated for 'AddContentDialog' in 0.0002 seconds. Added 0 classes and 0 folders.
[2019.04.30-08.22.54:257][  0]LogSlate: Took 0.000118 seconds to synchronously load lazily loaded font '../../../Engine/Content/Slate/Fonts/Roboto-Regular.ttf' (155K)
[2019.04.30-08.22.54:259][  0]LogSlate: Took 0.000096 seconds to synchronously load lazily loaded font '../../../Engine/Content/Slate/Fonts/Roboto-Bold.ttf' (160K)
[2019.04.30-08.22.54:261][  0]LogSlate: Took 0.000106 seconds to synchronously load lazily loaded font '../../../Engine/Content/Editor/Slate/Fonts/FontAwesome.ttf' (139K)
[2019.04.30-08.22.54:307][  0]LogRenderer: Reallocating scene render targets to support 1260x652 Format 10 NumSamples 1 (Frame:1).
[2019.04.30-08.22.54:410][  0]LogContentBrowser: Native class hierarchy updated for 'HierarchicalLODOutliner' in 0.0002 seconds. Added 0 classes and 0 folders.
[2019.04.30-08.22.54:410][  0]LogLoad: (Engine Initialization) Total time: 6.66 seconds
[2019.04.30-08.22.54:410][  0]LogLoad: (Engine Initialization) Total Blueprint compile time: 0.00 seconds
[2019.04.30-08.22.54:472][  0]LogContentStreaming: Texture pool size now 1000 MB
[2019.04.30-08.22.54:505][  1]LogAssetRegistry: Asset discovery search completed in 3.6667 seconds
[2019.04.30-08.22.54:506][  1]LogCollectionManager: Rebuilt the object cache for 0 collections in 0.000000 seconds (found 0 objects)
[2019.04.30-08.22.54:506][  1]LogCollectionManager: Fixed up redirectors for 0 collections in 0.000035 seconds (updated 0 objects)
[2019.04.30-08.22.55:846][  5]LogSlate: Took 0.000134 seconds to synchronously load lazily loaded font '../../../Engine/Content/Slate/Fonts/Roboto-Light.ttf' (167K)
[2019.04.30-08.23.23:880][ 89]LogSlate: FSceneViewport::OnFocusLost() reason 0
[2019.04.30-08.23.24:959][127]LogBlueprint: Warning: [Compiler BP_EditSpline] Node  Set members in <unknown struct> . The node won't be pruned as isolated one. The node is not pure, but it has no exec pin(s). Verify IsNodePure implementation in K2Node Set Fields in Struct.
[2019.04.30-08.23.24:960][127]LogBlueprint: Error: [Compiler BP_EditSpline] In use pin  Struct Ref  no longer exists on node  Set members in <unknown struct> . Please refresh node or break links to remove pin.
[2019.04.30-08.23.24:960][127]LogBlueprint: Error: [Compiler BP_EditSpline] In use pin  Struct Out  no longer exists on node  Set members in <unknown struct> . Please refresh node or break links to remove pin.
[2019.04.30-08.23.24:960][127]LogBlueprint: Error: [Compiler BP_EditSpline] In use pin  Spline Point Location  no longer exists on node  Set members in <unknown struct> . Please refresh node or break links to remove pin.
[2019.04.30-08.23.24:960][127]LogBlueprint: Error: [Compiler BP_EditSpline] No Struct in  Set members in <unknown struct>
[2019.04.30-08.23.24:960][127]LogBlueprint: Error: [Compiler BP_EditSpline] The  Struct Ref  pin must be connected to the struct that you wish to set.
[2019.04.30-08.23.24:961][127]LogBlueprint: Warning: [Compiler BP_EditSpline] Node  Set members in <unknown struct> . The node won't be pruned as isolated one. The node is not pure, but it has no exec pin(s). Verify IsNodePure implementation in K2Node Set Fields in Struct.
[2019.04.30-08.23.24:961][127]LogBlueprint: Error: [Compiler BP_EditSpline] In use pin  Struct Ref  no longer exists on node  Set members in <unknown struct> . Please refresh node or break links to remove pin.
[2019.04.30-08.23.24:961][127]LogBlueprint: Error: [Compiler BP_EditSpline] In use pin  Struct Out  no longer exists on node  Set members in <unknown struct> . Please refresh node or break links to remove pin.
[2019.04.30-08.23.24:961][127]LogBlueprint: Error: [Compiler BP_EditSpline] In use pin  Spline Point Tangent  no longer exists on node  Set members in <unknown struct> . Please refresh node or break links to remove pin.
[2019.04.30-08.23.24:961][127]LogBlueprint: Error: [Compiler BP_EditSpline] No Struct in  Set members in <unknown struct>
[2019.04.30-08.23.24:961][127]LogBlueprint: Error: [Compiler BP_EditSpline] The  Struct Ref  pin must be connected to the struct that you wish to set.
[2019.04.30-08.23.24:962][127]LogBlueprint: Error: [Compiler BP_EditSpline] In use pin  Array Element Spline Point Location  no longer exists on node  ForEachLoop . Please refresh node or break links to remove pin.
[2019.04.30-08.23.24:962][127]LogBlueprint: Error: [Compiler BP_EditSpline] In use pin  Array Element Spline Point Tangent  no longer exists on node  ForEachLoop . Please refresh node or break links to remove pin.
[2019.04.30-08.23.24:962][127]LogBlueprint: Error: [Compiler BP_EditSpline] In use pin  Array Element Spline Point Velocity  no longer exists on node  ForEachLoop . Please refresh node or break links to remove pin.
[2019.04.30-08.23.24:963][127]LogBlueprint: Error: [Compiler BP_EditSpline] No structure in SubCategoryObject in pin  Array Element
[2019.04.30-08.23.24:964][127]LogBlueprint: Error: [Compiler BP_EditSpline] No structure in SubCategoryObject in pin  New Item
[2019.04.30-08.23.24:964][127]LogBlueprint: Error: [Compiler BP_EditSpline] No structure in SubCategoryObject in pin  Item
[2019.04.30-08.23.24:965][127]LogBlueprint: Error: [Compiler BP_EditSpline] COMPILER ERROR: failed building connection with 'Object Reference is not compatible with Actor Object Reference.' at  Get (a copy) generated from expanding ForEachLoop
[2019.04.30-08.23.24:965][127]LogBlueprint: Error: [Compiler BP_EditSpline] In use pin  Spline Location Handles  no longer exists on node  Get . Please refresh node or break links to remove pin.
[2019.04.30-08.23.24:965][127]LogBlueprint: Error: [Compiler BP_EditSpline] In use pin  Spline Tangent Handles  no longer exists on node  Get . Please refresh node or break links to remove pin.
[2019.04.30-08.23.24:965][127]LogBlueprint: Error: [Compiler BP_EditSpline] In use pin  Spline Point Location  no longer exists on node  Insert . Please refresh node or break links to remove pin.
[2019.04.30-08.23.24:965][127]LogBlueprint: Error: [Compiler BP_EditSpline] In use pin  Spline Point Tangent  no longer exists on node  Insert . Please refresh node or break links to remove pin.
[2019.04.30-08.23.24:965][127]LogBlueprint: Error: [Compiler BP_EditSpline] In use pin  Item Spline Point Location  no longer exists on node  Set Array Elem . Please refresh node or break links to remove pin.
[2019.04.30-08.23.24:965][127]LogBlueprint: Error: [Compiler BP_EditSpline] In use pin  Item Spline Point Tangent  no longer exists on node  Set Array Elem . Please refresh node or break links to remove pin.
[2019.04.30-08.23.24:965][127]LogBlueprint: Error: [Compiler BP_EditSpline] In use pin  Item Spline Point Velocity  no longer exists on node  Set Array Elem . Please refresh node or break links to remove pin.
[2019.04.30-08.23.24:965][127]LogBlueprint: Error: [Compiler BP_EditSpline] In use pin  Item Spline Point Index  no longer exists on node  Set Array Elem . Please refresh node or break links to remove pin.
[2019.04.30-08.23.24:966][127]LogBlueprint: Error: [Compiler BP_EditSpline] Could not find a function named "None" in 'BP_EditSpline'.
Make sure 'BP_EditSpline' has been compiled for  ForEachLoop
[2019.04.30-08.23.24:966][127]LogBlueprint: Error: [Compiler BP_EditSpline] Could not find a function named "None" in 'BP_EditSpline'.
Make sure 'BP_EditSpline' has been compiled for  Insert
[2019.04.30-08.23.24:966][127]LogBlueprint: Error: [Compiler BP_EditSpline] Could not find a function named "None" in 'BP_EditSpline'.
Make sure 'BP_EditSpline' has been compiled for  Set Array Elem
[2019.04.30-08.23.24:966][127]LogBlueprint: Error: [Compiler BP_EditSpline] No structure in SubCategoryObject in pin  Output
[2019.04.30-08.23.24:966][127]LogBlueprint: Error: [Compiler BP_EditSpline] In use pin  Spline Point Location  no longer exists on node  Get (a copy) . Please refresh node or break links to remove pin.
[2019.04.30-08.23.24:966][127]LogBlueprint: Error: [Compiler BP_EditSpline] In use pin  Spline Point Tangent  no longer exists on node  Get (a copy) . Please refresh node or break links to remove pin.
[2019.04.30-08.23.24:967][127]LogBlueprint: Error: [Compiler BP_EditSpline] In use pin  Spline Point Velocity  no longer exists on node  Get (a copy) . Please refresh node or break links to remove pin.
[2019.04.30-08.23.24:967][127]LogBlueprint: Error: [Compiler BP_EditSpline] Could not find a function named "None" in 'BP_EditSpline'.
Make sure 'BP_EditSpline' has been compiled for  Get (a copy)
[2019.04.30-08.23.24:967][127]LogBlueprint: Warning: [Compiler BP_EditSpline] Node  Set members in <unknown struct> . The node won't be pruned as isolated one. The node is not pure, but it has no exec pin(s). Verify IsNodePure implementation in K2Node Set Fields in Struct.
[2019.04.30-08.23.24:967][127]LogBlueprint: Error: [Compiler BP_EditSpline] In use pin  <Unnamed>  no longer exists on node  Move Spline Point . Please refresh node or break links to remove pin.
[2019.04.30-08.23.24:967][127]LogBlueprint: Error: [Compiler BP_EditSpline] In use pin  <Unnamed>  no longer exists on node  Move Spline Point . Please refresh node or break links to remove pin.
[2019.04.30-08.23.24:967][127]LogBlueprint: Error: [Compiler BP_EditSpline] In use pin  Target  no longer exists on node  Move Spline Point . Please refresh node or break links to remove pin.
[2019.04.30-08.23.24:967][127]LogBlueprint: Error: [Compiler BP_EditSpline] In use pin  Location  no longer exists on node  Move Spline Point . Please refresh node or break links to remove pin.
[2019.04.30-08.23.24:967][127]LogBlueprint: Error: [Compiler BP_EditSpline] Could not find a function named "MoveSplinePoint" in 'BP_EditSpline'.
Make sure 'BP_EditSpline' has been compiled for  Move Spline Point
[2019.04.30-08.23.24:967][127]LogBlueprint: Error: [Compiler BP_EditSpline] In use pin  <Unnamed>  no longer exists on node  Move Tangent . Please refresh node or break links to remove pin.
[2019.04.30-08.23.24:967][127]LogBlueprint: Error: [Compiler BP_EditSpline] In use pin  Target  no longer exists on node  Move Tangent . Please refresh node or break links to remove pin.
[2019.04.30-08.23.24:967][127]LogBlueprint: Error: [Compiler BP_EditSpline] In use pin  Tangent  no longer exists on node  Move Tangent . Please refresh node or break links to remove pin.
[2019.04.30-08.23.24:968][127]LogBlueprint: Error: [Compiler BP_EditSpline] Could not find a function named "MoveTangent" in 'BP_EditSpline'.
Make sure 'BP_EditSpline' has been compiled for  Move Tangent
[2019.04.30-08.23.24:968][127]LogBlueprint: Error: [Compiler BP_EditSpline] In use pin  Spline Location Handles  no longer exists on node  Get . Please refresh node or break links to remove pin.
[2019.04.30-08.23.24:968][127]LogBlueprint: Error: [Compiler BP_EditSpline] In use pin  Spline Tangent Handles  no longer exists on node  Get . Please refresh node or break links to remove pin.
[2019.04.30-08.23.24:968][127]LogBlueprint: Error: [Compiler BP_EditSpline] In use pin  Struct Ref  no longer exists on node  Set members in <unknown struct> . Please refresh node or break links to remove pin.
[2019.04.30-08.23.24:968][127]LogBlueprint: Error: [Compiler BP_EditSpline] In use pin  Struct Out  no longer exists on node  Set members in <unknown struct> . Please refresh node or break links to remove pin.
[2019.04.30-08.23.24:968][127]LogBlueprint: Error: [Compiler BP_EditSpline] In use pin  Spline Point Location  no longer exists on node  Set members in <unknown struct> . Please refresh node or break links to remove pin.
[2019.04.30-08.23.24:968][127]LogBlueprint: Error: [Compiler BP_EditSpline] In use pin  Spline Point Tangent  no longer exists on node  Set members in <unknown struct> . Please refresh node or break links to remove pin.
[2019.04.30-08.23.24:968][127]LogBlueprint: Error: [Compiler BP_EditSpline] In use pin  Spline Point Velocity  no longer exists on node  Set members in <unknown struct> . Please refresh node or break links to remove pin.
[2019.04.30-08.23.24:968][127]LogBlueprint: Error: [Compiler BP_EditSpline] No Struct in  Set members in <unknown struct>
[2019.04.30-08.23.24:968][127]LogBlueprint: Error: [Compiler BP_EditSpline] The  Struct Ref  pin must be connected to the struct that you wish to set.
[2019.04.30-08.23.24:970][127]LogBlueprint: Warning: [Compiler BP_EditSpline] Node  Set members in <unknown struct> . The node won't be pruned as isolated one. The node is not pure, but it has no exec pin(s). Verify IsNodePure implementation in K2Node Set Fields in Struct.
[2019.04.30-08.23.24:970][127]LogBlueprint: Error: [Compiler BP_EditSpline] COMPILER ERROR: failed building connection with 'Object Reference is not compatible with Actor Object Reference.' at  Get (a copy) generated from expanding ForEachLoop
[2019.04.30-08.23.24:971][127]LogBlueprint: Error: [Compiler BP_EditSpline] In use pin  Spline Location Handles  no longer exists on node  Get . Please refresh node or break links to remove pin.
[2019.04.30-08.23.24:971][127]LogBlueprint: Error: [Compiler BP_EditSpline] In use pin  Spline Tangent Handles  no longer exists on node  Get . Please refresh node or break links to remove pin.
[2019.04.30-08.23.24:971][127]LogBlueprint: Error: [Compiler BP_EditSpline] In use pin  Struct Ref  no longer exists on node  Set members in <unknown struct> . Please refresh node or break links to remove pin.
[2019.04.30-08.23.24:971][127]LogBlueprint: Error: [Compiler BP_EditSpline] In use pin  Struct Out  no longer exists on node  Set members in <unknown struct> . Please refresh node or break links to remove pin.
[2019.04.30-08.23.24:971][127]LogBlueprint: Error: [Compiler BP_EditSpline] In use pin  Spline Point Index  no longer exists on node  Set members in <unknown struct> . Please refresh node or break links to remove pin.
[2019.04.30-08.23.24:971][127]LogBlueprint: Error: [Compiler BP_EditSpline] No Struct in  Set members in <unknown struct>
[2019.04.30-08.23.24:971][127]LogBlueprint: Error: [Compiler BP_EditSpline] The  Struct Ref  pin must be connected to the struct that you wish to set.
[2019.04.30-08.23.24:973][127]LogBlueprint: Warning: [Compiler BP_EditSpline] [0037.22] Compile of BP_EditSpline failed. 59 Fatal Issue(s) 4 Warning(s) [in 26 ms] (/Game/blueprint/BP_EditSpline.BP_EditSpline)
[2019.04.30-08.23.25:054][127]LogAssetEditorManager: Opening Asset editor for Blueprint /Game/blueprint/BP_EditSpline.BP_EditSpline
[2019.04.30-08.23.25:366][127]LogContentBrowser: Native class hierarchy updated for 'BlueprintGraph' in 0.0004 seconds. Added 117 classes and 0 folders.
[2019.04.30-08.23.25:912][127]LogSlate: Took 0.000140 seconds to synchronously load lazily loaded font '../../../Engine/Content/Slate/Fonts/Roboto-BoldCondensed.ttf' (158K)
[2019.04.30-08.23.26:038][128]LogSlate: Took 0.000150 seconds to synchronously load lazily loaded font '../../../Engine/Content/Slate/Fonts/Roboto-Italic.ttf' (157K)
[2019.04.30-08.23.57:003][601]LogOutputDevice: Warning: 

Script Stack (0 frames):

[2019.04.30-08.23.57:004][601]LogWindows: Windows GetLastError: 操作成功完成。 (0)
[2019.04.30-08.23.57:904][601]LogWindows: Error: === Critical error: ===
[2019.04.30-08.23.57:904][601]LogWindows: Error: 
[2019.04.30-08.23.57:904][601]LogWindows: Error: Assertion failed: !PinRef->bWasTrashed [File:D:\Build\++UE4\Sync\Engine\Source\Runtime\Engine\Private\EdGraph\EdGraphPin.cpp] [Line: 1845] 
[2019.04.30-08.23.57:904][601]LogWindows: Error: 
[2019.04.30-08.23.57:904][601]LogWindows: Error: 
[2019.04.30-08.23.57:904][601]LogWindows: Error: 
[2019.04.30-08.23.57:904][601]LogWindows: Error: [Callstack] 0x00007fff744a9129 KERNELBASE.dll!UnknownFunction []
[2019.04.30-08.23.57:904][601]LogWindows: Error: [Callstack] 0x00007ffefc8bcd1a UE4Editor-Core.dll!UnknownFunction []
[2019.04.30-08.23.57:904][601]LogWindows: Error: [Callstack] 0x00007ffefc69a967 UE4Editor-Core.dll!UnknownFunction []
[2019.04.30-08.23.57:904][601]LogWindows: Error: [Callstack] 0x00007ffefc5d0df7 UE4Editor-Core.dll!UnknownFunction []
[2019.04.30-08.23.57:904][601]LogWindows: Error: [Callstack] 0x00007ffee0cab730 UE4Editor-Engine.dll!UnknownFunction []
[2019.04.30-08.23.57:904][601]LogWindows: Error: [Callstack] 0x00007ffee0cab444 UE4Editor-Engine.dll!UnknownFunction []
[2019.04.30-08.23.57:904][601]LogWindows: Error: [Callstack] 0x00007ffee0cac113 UE4Editor-Engine.dll!UnknownFunction []
[2019.04.30-08.23.57:904][601]LogWindows: Error: [Callstack] 0x00007ffee0cac80f UE4Editor-Engine.dll!UnknownFunction []
[2019.04.30-08.23.57:904][601]LogWindows: Error: [Callstack] 0x00007ffee0cab25c UE4Editor-Engine.dll!UnknownFunction []
[2019.04.30-08.23.57:904][601]LogWindows: Error: [Callstack] 0x00007fff19058908 UE4Editor-BlueprintGraph.dll!UnknownFunction []
[2019.04.30-08.23.57:904][601]LogWindows: Error: [Callstack] 0x00007fff1911bab6 UE4Editor-BlueprintGraph.dll!UnknownFunction []
[2019.04.30-08.23.57:904][601]LogWindows: Error: [Callstack] 0x00007fff190f5cfc UE4Editor-BlueprintGraph.dll!UnknownFunction []
[2019.04.30-08.23.57:904][601]LogWindows: Error: [Callstack] 0x00007ffee36a766e UE4Editor-UnrealEd.dll!UnknownFunction []
[2019.04.30-08.23.57:904][601]LogWindows: Error: [Callstack] 0x00007ffee367d0df UE4Editor-UnrealEd.dll!UnknownFunction []
[2019.04.30-08.23.57:904][601]LogWindows: Error: [Callstack] 0x00007ffee367d270 UE4Editor-UnrealEd.dll!UnknownFunction []
[2019.04.30-08.23.57:904][601]LogWindows: Error: [Callstack] 0x00007ffee367c4ec UE4Editor-UnrealEd.dll!UnknownFunction []
[2019.04.30-08.23.57:904][601]LogWindows: Error: [Callstack] 0x00007ffee3c026f4 UE4Editor-UnrealEd.dll!UnknownFunction []
[2019.04.30-08.23.57:905][601]LogWindows: Error: [Callstack] 0x00007fff18fa0f4e UE4Editor-BlueprintGraph.dll!UnknownFunction []
[2019.04.30-08.23.57:905][601]LogWindows: Error: [Callstack] 0x00007ffef7aabbc5 UE4Editor-GraphEditor.dll!UnknownFunction []
[2019.04.30-08.23.57:905][601]LogWindows: Error: [Callstack] 0x00007ffef7aac819 UE4Editor-GraphEditor.dll!UnknownFunction []
[2019.04.30-08.23.57:905][601]LogWindows: Error: [Callstack] 0x00007ffef7a15b6f UE4Editor-GraphEditor.dll!UnknownFunction []
[2019.04.30-08.23.57:905][601]LogWindows: Error: [Callstack] 0x00007fff35e492ca UE4Editor-SlateCore.dll!UnknownFunction []
[2019.04.30-08.23.57:905][601]LogWindows: Error: [Callstack] 0x00007ffeff067b3f UE4Editor-Slate.dll!UnknownFunction []
[2019.04.30-08.23.57:905][601]LogWindows: Error: [Callstack] 0x00007ffeff100842 UE4Editor-Slate.dll!UnknownFunction []
[2019.04.30-08.23.57:905][601]LogWindows: Error: [Callstack] 0x00007ffeff0e808b UE4Editor-Slate.dll!UnknownFunction []
[2019.04.30-08.23.57:905][601]LogWindows: Error: [Callstack] 0x00007ffeff0dadaa UE4Editor-Slate.dll!UnknownFunction []
[2019.04.30-08.23.57:905][601]LogWindows: Error: [Callstack] 0x00007fff4621dece UE4Editor-ApplicationCore.dll!UnknownFunction []
[2019.04.30-08.23.57:905][601]LogWindows: Error: [Callstack] 0x00007fff46210de0 UE4Editor-ApplicationCore.dll!UnknownFunction []
[2019.04.30-08.23.57:905][601]LogWindows: Error: [Callstack] 0x00007fff462201eb UE4Editor-ApplicationCore.dll!UnknownFunction []
[2019.04.30-08.23.57:905][601]LogWindows: Error: [Callstack] 0x00007fff4620ca19 UE4Editor-ApplicationCore.dll!UnknownFunction []
[2019.04.30-08.23.57:905][601]LogWindows: Error: [Callstack] 0x00007fff76faca66 USER32.dll!UnknownFunction []
[2019.04.30-08.23.57:905][601]LogWindows: Error: [Callstack] 0x00007fff76fac582 USER32.dll!UnknownFunction []
[2019.04.30-08.23.57:905][601]LogWindows: Error: [Callstack] 0x00007fff46221746 UE4Editor-ApplicationCore.dll!UnknownFunction []
[2019.04.30-08.23.57:905][601]LogWindows: Error: [Callstack] 0x00007ff755a25546 UE4Editor.exe!UnknownFunction []
[2019.04.30-08.23.57:905][601]LogWindows: Error: [Callstack] 0x00007ff755a3596c UE4Editor.exe!UnknownFunction []
[2019.04.30-08.23.57:905][601]LogWindows: Error: [Callstack] 0x00007ff755a359ea UE4Editor.exe!UnknownFunction []
[2019.04.30-08.23.57:905][601]LogWindows: Error: [Callstack] 0x00007ff755a448da UE4Editor.exe!UnknownFunction []
[2019.04.30-08.23.57:905][601]LogWindows: Error: [Callstack] 0x00007ff755a4659a UE4Editor.exe!UnknownFunction []
[2019.04.30-08.23.57:905][601]LogWindows: Error: [Callstack] 0x00007fff76757974 KERNEL32.DLL!UnknownFunction []
[2019.04.30-08.23.57:905][601]LogWindows: Error: [Callstack] 0x00007fff775ca271 ntdll.dll!UnknownFunction []
[2019.04.30-08.23.57:905][601]LogWindows: Error: 
[2019.04.30-08.23.57:911][601]LogExit: Executing StaticShutdownAfterError
[2019.04.30-08.23.57:913][601]LogWindows: FPlatformMisc::RequestExit(1)
[2019.04.30-08.23.57:918][601]Log file closed, 04/30/19 16:23:57
